<?xml version="1.0" encoding="UTF-8"?>
<!-- Generated by org.testng.reporters.JUnitXMLReporter -->
<testsuite hostname="LAPTOP-D487ETE2" ignored="1" name="Test" tests="6" failures="0" timestamp="2021-10-16T11:29:57 IST" time="22.75" errors="0">
  <testcase name="xyz" time="2.647" classname="seleniumPractice.ActionClass"/>
  <testcase name="xyz" time="3.543" classname="seleniumPractice.ActionClass"/>
  <testcase name="xyz" time="1.475" classname="seleniumPractice.ActionClass"/>
  <testcase name="xyz" time="1.695" classname="seleniumPractice.ActionClass"/>
  <testcase name="xyz" time="1.294" classname="seleniumPractice.ActionClass"/>
  <testcase name="abc" time="8.179" classname="seleniumPractice.ActionClass"/>
  <testcase name="mno" time="0.0" classname="seleniumPractice.ActionClass">
    <ignored/>
  </testcase> <!-- mno -->
</testsuite> <!-- Test -->
