<?xml version="1.0" encoding="UTF-8"?>
<testng-results ignored="0" total="1" passed="1" failed="0" skipped="0">
  <reporter-output>
  </reporter-output>
  <suite started-at="2021-11-28T12:26:11 IST" name="Default suite" finished-at="2021-11-28T12:26:30 IST" duration-ms="19218">
    <groups>
    </groups>
    <test started-at="2021-11-28T12:26:11 IST" name="Default test" finished-at="2021-11-28T12:26:30 IST" duration-ms="19218">
      <class name="Ajay.RediffMail">
        <test-method is-config="true" signature="beforeClass()[pri:0, instance:Ajay.RediffMail@4ddced80]" started-at="2021-11-28T12:26:11 IST" name="beforeClass" finished-at="2021-11-28T12:26:17 IST" duration-ms="6800" status="PASS">
          <reporter-output>
          </reporter-output>
        </test-method> <!-- beforeClass -->
        <test-method signature="test1()[pri:0, instance:Ajay.RediffMail@4ddced80]" started-at="2021-11-28T12:26:17 IST" name="test1" finished-at="2021-11-28T12:26:30 IST" duration-ms="12357" status="PASS">
          <reporter-output>
          </reporter-output>
        </test-method> <!-- test1 -->
      </class> <!-- Ajay.RediffMail -->
    </test> <!-- Default test -->
  </suite> <!-- Default suite -->
</testng-results>
