<?xml version="1.0" encoding="UTF-8"?>
<testng-results skipped="0" failed="0" ignored="0" total="1" passed="1">
  <reporter-output>
  </reporter-output>
  <suite name="Default suite" duration-ms="38208" started-at="2021-10-10T10:53:01 IST" finished-at="2021-10-10T10:53:39 IST">
    <groups>
    </groups>
    <test name="Default test" duration-ms="38208" started-at="2021-10-10T10:53:01 IST" finished-at="2021-10-10T10:53:39 IST">
      <class name="seleniumPractice.WindowHandlingPractice">
        <test-method status="PASS" signature="beforeClass()[pri:0, instance:seleniumPractice.WindowHandlingPractice@3e9b1010]" name="beforeClass" is-config="true" duration-ms="4239" started-at="2021-10-10T10:53:01 IST" finished-at="2021-10-10T10:53:05 IST">
          <reporter-output>
          </reporter-output>
        </test-method> <!-- beforeClass -->
        <test-method status="PASS" signature="windowHandling()[pri:0, instance:seleniumPractice.WindowHandlingPractice@3e9b1010]" name="windowHandling" duration-ms="33884" started-at="2021-10-10T10:53:05 IST" finished-at="2021-10-10T10:53:39 IST">
          <reporter-output>
          </reporter-output>
        </test-method> <!-- windowHandling -->
      </class> <!-- seleniumPractice.WindowHandlingPractice -->
    </test> <!-- Default test -->
  </suite> <!-- Default suite -->
</testng-results>
